<?xml version="1.0" encoding="UTF-8"?>
<testng-results ignored="0" total="2" passed="1" failed="1" skipped="0">
  <reporter-output>
    <line>
      <![CDATA[DataBase : Data Base Connected successfully]]>
    </line>
    <line>
      <![CDATA[ Browser Launch : Browser Launched successfully!]]>
    </line>
    <line>
      <![CDATA[Login : Login successfull!]]>
    </line>
    <line>
      <![CDATA[Logout : Successefully Logout!]]>
    </line>
    <line>
      <![CDATA[Login : Login successfull!]]>
    </line>
    <line>
      <![CDATA[ Login page added]]>
    </line>
    <line>
      <![CDATA[Logout : Successefully Logout!]]>
    </line>
    <line>
      <![CDATA[Close : Driver closed successfully!]]>
    </line>
    <line>
      <![CDATA[DataBase : Database Disconnected successfully!]]>
    </line>
  </reporter-output>
  <suite started-at="2024-11-20T01:41:22 IST" name="Default suite" finished-at="2024-11-20T01:41:46 IST" duration-ms="24054">
    <groups>
    </groups>
    <test started-at="2024-11-20T01:41:22 IST" name="Default test" finished-at="2024-11-20T01:41:46 IST" duration-ms="24054">
      <class name="FB.TestFb">
        <test-method is-config="true" signature="DataBaseConnection()[pri:0, instance:FB.TestFb@312ab28e]" started-at="2024-11-20T01:41:22 IST" name="DataBaseConnection" finished-at="2024-11-20T01:41:22 IST" duration-ms="23" status="PASS">
          <reporter-output>
            <line>
              <![CDATA[DataBase : Data Base Connected successfully]]>
            </line>
          </reporter-output>
        </test-method> <!-- DataBaseConnection -->
        <test-method is-config="true" signature="LaunchBrowser()[pri:0, instance:FB.TestFb@312ab28e]" started-at="2024-11-20T01:41:22 IST" name="LaunchBrowser" finished-at="2024-11-20T01:41:34 IST" duration-ms="11902" status="PASS">
          <reporter-output>
            <line>
              <![CDATA[ Browser Launch : Browser Launched successfully!]]>
            </line>
          </reporter-output>
        </test-method> <!-- LaunchBrowser -->
        <test-method is-config="true" signature="login_Actitime()[pri:0, instance:FB.TestFb@312ab28e]" started-at="2024-11-20T01:41:34 IST" name="login_Actitime" finished-at="2024-11-20T01:41:34 IST" duration-ms="0" status="PASS">
          <reporter-output>
            <line>
              <![CDATA[Login : Login successfull!]]>
            </line>
          </reporter-output>
        </test-method> <!-- login_Actitime -->
        <test-method signature="CreateUser()[pri:0, instance:FB.TestFb@312ab28e]" started-at="2024-11-20T01:41:34 IST" name="CreateUser" finished-at="2024-11-20T01:41:45 IST" duration-ms="11196" status="FAIL">
          <exception class="java.lang.NullPointerException">
            <message>
              <![CDATA[Cannot invoke "org.apache.poi.ss.usermodel.Sheet.getRow(int)" because the return value of "org.apache.poi.ss.usermodel.Workbook.getSheet(String)" is null]]>
            </message>
            <full-stacktrace>
              <![CDATA[java.lang.NullPointerException: Cannot invoke "org.apache.poi.ss.usermodel.Sheet.getRow(int)" because the return value of "org.apache.poi.ss.usermodel.Workbook.getSheet(String)" is null
at FB.LoginAndCreateUserData.readExceldata(LoginAndCreateUserData.java:17)
at FB.TestFb.CreateUser(TestFb.java:42)
at java.base/jdk.internal.reflect.NativeMethodAccessorImpl.invoke0(Native Method)
at java.base/jdk.internal.reflect.NativeMethodAccessorImpl.invoke(NativeMethodAccessorImpl.java:77)
at java.base/jdk.internal.reflect.DelegatingMethodAccessorImpl.invoke(DelegatingMethodAccessorImpl.java:43)
at java.base/java.lang.reflect.Method.invoke(Method.java:568)
at org.testng.internal.invokers.MethodInvocationHelper.invokeMethod(MethodInvocationHelper.java:141)
at org.testng.internal.invokers.TestInvoker.invokeMethod(TestInvoker.java:686)
at org.testng.internal.invokers.TestInvoker.invokeTestMethod(TestInvoker.java:230)
at org.testng.internal.invokers.MethodRunner.runInSequence(MethodRunner.java:63)
at org.testng.internal.invokers.TestInvoker$MethodInvocationAgent.invoke(TestInvoker.java:992)
at org.testng.internal.invokers.TestInvoker.invokeTestMethods(TestInvoker.java:203)
at org.testng.internal.invokers.TestMethodWorker.invokeTestMethods(TestMethodWorker.java:154)
at org.testng.internal.invokers.TestMethodWorker.run(TestMethodWorker.java:134)
at java.base/java.util.ArrayList.forEach(ArrayList.java:1511)
at org.testng.TestRunner.privateRun(TestRunner.java:739)
at org.testng.TestRunner.run(TestRunner.java:614)
at org.testng.SuiteRunner.runTest(SuiteRunner.java:421)
at org.testng.SuiteRunner.runSequentially(SuiteRunner.java:413)
at org.testng.SuiteRunner.privateRun(SuiteRunner.java:373)
at org.testng.SuiteRunner.run(SuiteRunner.java:312)
at org.testng.SuiteRunnerWorker.runSuite(SuiteRunnerWorker.java:52)
at org.testng.SuiteRunnerWorker.run(SuiteRunnerWorker.java:95)
at org.testng.TestNG.runSuitesSequentially(TestNG.java:1274)
at org.testng.TestNG.runSuitesLocally(TestNG.java:1208)
at org.testng.TestNG.runSuites(TestNG.java:1112)
at org.testng.TestNG.run(TestNG.java:1079)
at org.testng.remote.AbstractRemoteTestNG.run(AbstractRemoteTestNG.java:115)
at org.testng.remote.RemoteTestNG.initAndRun(RemoteTestNG.java:293)
at org.testng.remote.RemoteTestNG.main(RemoteTestNG.java:91)
]]>
            </full-stacktrace>
          </exception> <!-- java.lang.NullPointerException -->
          <reporter-output>
          </reporter-output>
        </test-method> <!-- CreateUser -->
        <test-method is-config="true" signature="Logout()[pri:0, instance:FB.TestFb@312ab28e]" started-at="2024-11-20T01:41:46 IST" name="Logout" finished-at="2024-11-20T01:41:46 IST" duration-ms="1" status="PASS">
          <reporter-output>
            <line>
              <![CDATA[Logout : Successefully Logout!]]>
            </line>
          </reporter-output>
        </test-method> <!-- Logout -->
        <test-method is-config="true" signature="login_Actitime()[pri:0, instance:FB.TestFb@312ab28e]" started-at="2024-11-20T01:41:46 IST" name="login_Actitime" finished-at="2024-11-20T01:41:46 IST" duration-ms="1" status="PASS">
          <reporter-output>
            <line>
              <![CDATA[Login : Login successfull!]]>
            </line>
          </reporter-output>
        </test-method> <!-- login_Actitime -->
        <test-method signature="Loginpage()[pri:0, instance:FB.TestFb@312ab28e]" started-at="2024-11-20T01:41:46 IST" name="Loginpage" finished-at="2024-11-20T01:41:46 IST" duration-ms="2" status="PASS">
          <reporter-output>
            <line>
              <![CDATA[ Login page added]]>
            </line>
          </reporter-output>
        </test-method> <!-- Loginpage -->
        <test-method is-config="true" signature="Logout()[pri:0, instance:FB.TestFb@312ab28e]" started-at="2024-11-20T01:41:46 IST" name="Logout" finished-at="2024-11-20T01:41:46 IST" duration-ms="0" status="PASS">
          <reporter-output>
            <line>
              <![CDATA[Logout : Successefully Logout!]]>
            </line>
          </reporter-output>
        </test-method> <!-- Logout -->
        <test-method is-config="true" signature="CloseDriver()[pri:0, instance:FB.TestFb@312ab28e]" started-at="2024-11-20T01:41:46 IST" name="CloseDriver" finished-at="2024-11-20T01:41:46 IST" duration-ms="532" status="PASS">
          <reporter-output>
            <line>
              <![CDATA[Close : Driver closed successfully!]]>
            </line>
          </reporter-output>
        </test-method> <!-- CloseDriver -->
        <test-method is-config="true" signature="DatabaseDisconect()[pri:0, instance:FB.TestFb@312ab28e]" started-at="2024-11-20T01:41:47 IST" name="DatabaseDisconect" finished-at="2024-11-20T01:41:47 IST" duration-ms="0" status="PASS">
          <reporter-output>
            <line>
              <![CDATA[DataBase : Database Disconnected successfully!]]>
            </line>
          </reporter-output>
        </test-method> <!-- DatabaseDisconect -->
      </class> <!-- FB.TestFb -->
    </test> <!-- Default test -->
  </suite> <!-- Default suite -->
</testng-results>
