<?xml version="1.0" encoding="UTF-8"?>
<testng-results ignored="0" total="2" passed="2" failed="0" skipped="0">
  <reporter-output>
    <line>
      <![CDATA[DataBase : Data Base Connected successfully]]>
    </line>
    <line>
      <![CDATA[ Browser Launch : Browser Launched successfully!]]>
    </line>
    <line>
      <![CDATA[Login : Login successfull!]]>
    </line>
    <line>
      <![CDATA[Logout : Successefully Logout!]]>
    </line>
    <line>
      <![CDATA[Login : Login successfull!]]>
    </line>
    <line>
      <![CDATA[ Login page added]]>
    </line>
    <line>
      <![CDATA[Logout : Successefully Logout!]]>
    </line>
    <line>
      <![CDATA[Close : Driver closed successfully!]]>
    </line>
    <line>
      <![CDATA[DataBase : Database Disconnected successfully!]]>
    </line>
  </reporter-output>
  <suite started-at="2024-11-03T20:46:51 IST" name="Default suite" finished-at="2024-11-03T20:48:04 IST" duration-ms="72849">
    <groups>
    </groups>
    <test started-at="2024-11-03T20:46:51 IST" name="Default test" finished-at="2024-11-03T20:48:04 IST" duration-ms="72849">
      <class name="FB.TestFb">
        <test-method is-config="true" signature="DataBaseConnection()[pri:0, instance:FB.TestFb@62f68dff]" started-at="2024-11-03T20:46:51 IST" name="DataBaseConnection" finished-at="2024-11-03T20:46:51 IST" duration-ms="18" status="PASS">
          <reporter-output>
            <line>
              <![CDATA[DataBase : Data Base Connected successfully]]>
            </line>
          </reporter-output>
        </test-method> <!-- DataBaseConnection -->
        <test-method is-config="true" signature="LaunchBrowser()[pri:0, instance:FB.TestFb@62f68dff]" started-at="2024-11-03T20:46:51 IST" name="LaunchBrowser" finished-at="2024-11-03T20:47:37 IST" duration-ms="46230" status="PASS">
          <reporter-output>
            <line>
              <![CDATA[ Browser Launch : Browser Launched successfully!]]>
            </line>
          </reporter-output>
        </test-method> <!-- LaunchBrowser -->
        <test-method is-config="true" signature="login_Actitime()[pri:0, instance:FB.TestFb@62f68dff]" started-at="2024-11-03T20:47:37 IST" name="login_Actitime" finished-at="2024-11-03T20:47:37 IST" duration-ms="1" status="PASS">
          <reporter-output>
            <line>
              <![CDATA[Login : Login successfull!]]>
            </line>
          </reporter-output>
        </test-method> <!-- login_Actitime -->
        <test-method signature="CreateUser()[pri:0, instance:FB.TestFb@62f68dff]" started-at="2024-11-03T20:47:37 IST" name="CreateUser" finished-at="2024-11-03T20:48:03 IST" duration-ms="25616" status="PASS">
          <reporter-output>
          </reporter-output>
        </test-method> <!-- CreateUser -->
        <test-method is-config="true" signature="Logout()[pri:0, instance:FB.TestFb@62f68dff]" started-at="2024-11-03T20:48:03 IST" name="Logout" finished-at="2024-11-03T20:48:03 IST" duration-ms="0" status="PASS">
          <reporter-output>
            <line>
              <![CDATA[Logout : Successefully Logout!]]>
            </line>
          </reporter-output>
        </test-method> <!-- Logout -->
        <test-method is-config="true" signature="login_Actitime()[pri:0, instance:FB.TestFb@62f68dff]" started-at="2024-11-03T20:48:03 IST" name="login_Actitime" finished-at="2024-11-03T20:48:03 IST" duration-ms="1" status="PASS">
          <reporter-output>
            <line>
              <![CDATA[Login : Login successfull!]]>
            </line>
          </reporter-output>
        </test-method> <!-- login_Actitime -->
        <test-method signature="Loginpage()[pri:0, instance:FB.TestFb@62f68dff]" started-at="2024-11-03T20:48:03 IST" name="Loginpage" finished-at="2024-11-03T20:48:03 IST" duration-ms="3" status="PASS">
          <reporter-output>
            <line>
              <![CDATA[ Login page added]]>
            </line>
          </reporter-output>
        </test-method> <!-- Loginpage -->
        <test-method is-config="true" signature="Logout()[pri:0, instance:FB.TestFb@62f68dff]" started-at="2024-11-03T20:48:03 IST" name="Logout" finished-at="2024-11-03T20:48:03 IST" duration-ms="0" status="PASS">
          <reporter-output>
            <line>
              <![CDATA[Logout : Successefully Logout!]]>
            </line>
          </reporter-output>
        </test-method> <!-- Logout -->
        <test-method is-config="true" signature="CloseDriver()[pri:0, instance:FB.TestFb@62f68dff]" started-at="2024-11-03T20:48:03 IST" name="CloseDriver" finished-at="2024-11-03T20:48:04 IST" duration-ms="350" status="PASS">
          <reporter-output>
            <line>
              <![CDATA[Close : Driver closed successfully!]]>
            </line>
          </reporter-output>
        </test-method> <!-- CloseDriver -->
        <test-method is-config="true" signature="DatabaseDisconect()[pri:0, instance:FB.TestFb@62f68dff]" started-at="2024-11-03T20:48:04 IST" name="DatabaseDisconect" finished-at="2024-11-03T20:48:04 IST" duration-ms="0" status="PASS">
          <reporter-output>
            <line>
              <![CDATA[DataBase : Database Disconnected successfully!]]>
            </line>
          </reporter-output>
        </test-method> <!-- DatabaseDisconect -->
      </class> <!-- FB.TestFb -->
    </test> <!-- Default test -->
  </suite> <!-- Default suite -->
</testng-results>
